0 info it worked if it ends with ok
1 verbose cli [ '/usr/bin/nodejs', '/usr/bin/npm', 'install', 'node' ]
2 info using npm@3.5.2
3 info using node@v4.2.6
4 silly loadCurrentTree Starting
5 silly install loadCurrentTree
6 silly install readLocalPackageData
7 silly fetchPackageMetaData node
8 silly fetchNamedPackageData node
9 silly mapToRegistry name node
10 silly mapToRegistry using default registry
11 silly mapToRegistry registry https://registry.npmjs.org/
12 silly mapToRegistry uri https://registry.npmjs.org/node
13 verbose request uri https://registry.npmjs.org/node
14 verbose request no auth needed
15 info attempt registry request try #1 at 4:12:22 PM
16 verbose request id e178e7d8b6de9952
17 verbose etag W/"86cb0d1405355ab4c8626026185febf1"
18 verbose lastModified Thu, 19 Jul 2018 15:07:52 GMT
19 http request GET https://registry.npmjs.org/node
20 http 304 https://registry.npmjs.org/node
21 verbose headers { date: 'Fri, 20 Jul 2018 21:12:22 GMT',
21 verbose headers   connection: 'keep-alive',
21 verbose headers   'set-cookie': [ '__cfduid=dbd3c00d835e75299538108110bc4e33e1532121142; expires=Sat, 20-Jul-19 21:12:22 GMT; path=/; domain=.registry.npmjs.org; HttpOnly' ],
21 verbose headers   'cache-control': 'max-age=300',
21 verbose headers   'cf-cache-status': 'HIT',
21 verbose headers   'cf-ray': '43d86cf5289042e2-ATL',
21 verbose headers   etag: '"86cb0d1405355ab4c8626026185febf1"',
21 verbose headers   'expect-ct': 'max-age=604800, report-uri="https://report-uri.cloudflare.com/cdn-cgi/beacon/expect-ct"',
21 verbose headers   'last-modified': 'Thu, 19 Jul 2018 15:07:52 GMT',
21 verbose headers   vary: 'accept-encoding, accept',
21 verbose headers   server: 'cloudflare' }
22 silly get cb [ 304,
22 silly get   { date: 'Fri, 20 Jul 2018 21:12:22 GMT',
22 silly get     connection: 'keep-alive',
22 silly get     'set-cookie': [ '__cfduid=dbd3c00d835e75299538108110bc4e33e1532121142; expires=Sat, 20-Jul-19 21:12:22 GMT; path=/; domain=.registry.npmjs.org; HttpOnly' ],
22 silly get     'cache-control': 'max-age=300',
22 silly get     'cf-cache-status': 'HIT',
22 silly get     'cf-ray': '43d86cf5289042e2-ATL',
22 silly get     etag: '"86cb0d1405355ab4c8626026185febf1"',
22 silly get     'expect-ct': 'max-age=604800, report-uri="https://report-uri.cloudflare.com/cdn-cgi/beacon/expect-ct"',
22 silly get     'last-modified': 'Thu, 19 Jul 2018 15:07:52 GMT',
22 silly get     vary: 'accept-encoding, accept',
22 silly get     server: 'cloudflare' } ]
23 verbose etag https://registry.npmjs.org/node from cache
24 verbose get saving node to /home/johnathan/.npm/registry.npmjs.org/node/.cache.json
25 silly install normalizeTree
26 silly loadCurrentTree Finishing
27 silly loadIdealTree Starting
28 silly install loadIdealTree
29 silly cloneCurrentTree Starting
30 silly install cloneCurrentTreeToIdealTree
31 silly cloneCurrentTree Finishing
32 silly loadShrinkwrap Starting
33 silly install loadShrinkwrap
34 silly loadShrinkwrap Finishing
35 silly loadAllDepsIntoIdealTree Starting
36 silly install loadAllDepsIntoIdealTree
37 silly resolveWithNewModule node@10.7.0 checking installable status
38 silly cache add args [ 'node', null ]
39 verbose cache add spec node
40 silly cache add parsed spec Result {
40 silly cache add   raw: 'node',
40 silly cache add   scope: null,
40 silly cache add   name: 'node',
40 silly cache add   rawSpec: '',
40 silly cache add   spec: 'latest',
40 silly cache add   type: 'tag' }
41 silly addNamed node@latest
42 verbose addNamed "latest" is being treated as a dist-tag for node
43 info addNameTag [ 'node', 'latest' ]
44 silly mapToRegistry name node
45 silly mapToRegistry using default registry
46 silly mapToRegistry registry https://registry.npmjs.org/
47 silly mapToRegistry uri https://registry.npmjs.org/node
48 verbose addNameTag registry:https://registry.npmjs.org/node not in flight; fetching
49 verbose get https://registry.npmjs.org/node not expired, no request
50 silly addNameTag next cb for node with tag latest
51 silly addNamed node@10.7.0
52 verbose addNamed "10.7.0" is a plain semver version for node
53 silly cache afterAdd node@10.7.0
54 verbose afterAdd /home/johnathan/.npm/node/10.7.0/package/package.json not in flight; writing
55 verbose afterAdd /home/johnathan/.npm/node/10.7.0/package/package.json written
56 silly fetchNamedPackageData node-bin-setup
57 silly mapToRegistry name node-bin-setup
58 silly mapToRegistry using default registry
59 silly mapToRegistry registry https://registry.npmjs.org/
60 silly mapToRegistry uri https://registry.npmjs.org/node-bin-setup
61 verbose request uri https://registry.npmjs.org/node-bin-setup
62 verbose request no auth needed
63 info attempt registry request try #1 at 4:12:22 PM
64 verbose etag W/"696d6ec470fda56a33885508a280edab"
65 verbose lastModified Sun, 27 May 2018 09:55:03 GMT
66 http request GET https://registry.npmjs.org/node-bin-setup
67 http 304 https://registry.npmjs.org/node-bin-setup
68 verbose headers { date: 'Fri, 20 Jul 2018 21:12:23 GMT',
68 verbose headers   connection: 'keep-alive',
68 verbose headers   'set-cookie': [ '__cfduid=dc0bdcf561786af19496ed8232de0489a1532121143; expires=Sat, 20-Jul-19 21:12:23 GMT; path=/; domain=.registry.npmjs.org; HttpOnly' ],
68 verbose headers   'cache-control': 'max-age=300',
68 verbose headers   'cf-cache-status': 'HIT',
68 verbose headers   'cf-ray': '43d86cf82d46b9ac-ATL',
68 verbose headers   etag: '"696d6ec470fda56a33885508a280edab"',
68 verbose headers   'expect-ct': 'max-age=604800, report-uri="https://report-uri.cloudflare.com/cdn-cgi/beacon/expect-ct"',
68 verbose headers   'last-modified': 'Sun, 27 May 2018 09:55:03 GMT',
68 verbose headers   vary: 'accept-encoding, accept',
68 verbose headers   server: 'cloudflare' }
69 silly get cb [ 304,
69 silly get   { date: 'Fri, 20 Jul 2018 21:12:23 GMT',
69 silly get     connection: 'keep-alive',
69 silly get     'set-cookie': [ '__cfduid=dc0bdcf561786af19496ed8232de0489a1532121143; expires=Sat, 20-Jul-19 21:12:23 GMT; path=/; domain=.registry.npmjs.org; HttpOnly' ],
69 silly get     'cache-control': 'max-age=300',
69 silly get     'cf-cache-status': 'HIT',
69 silly get     'cf-ray': '43d86cf82d46b9ac-ATL',
69 silly get     etag: '"696d6ec470fda56a33885508a280edab"',
69 silly get     'expect-ct': 'max-age=604800, report-uri="https://report-uri.cloudflare.com/cdn-cgi/beacon/expect-ct"',
69 silly get     'last-modified': 'Sun, 27 May 2018 09:55:03 GMT',
69 silly get     vary: 'accept-encoding, accept',
69 silly get     server: 'cloudflare' } ]
70 verbose etag https://registry.npmjs.org/node-bin-setup from cache
71 verbose get saving node-bin-setup to /home/johnathan/.npm/registry.npmjs.org/node-bin-setup/.cache.json
72 silly resolveWithNewModule node-bin-setup@1.0.6 checking installable status
73 silly cache add args [ 'node-bin-setup@^1.0.0', null ]
74 verbose cache add spec node-bin-setup@^1.0.0
75 silly cache add parsed spec Result {
75 silly cache add   raw: 'node-bin-setup@^1.0.0',
75 silly cache add   scope: null,
75 silly cache add   name: 'node-bin-setup',
75 silly cache add   rawSpec: '^1.0.0',
75 silly cache add   spec: '>=1.0.0 <2.0.0',
75 silly cache add   type: 'range' }
76 silly addNamed node-bin-setup@>=1.0.0 <2.0.0
77 verbose addNamed ">=1.0.0 <2.0.0" is a valid semver range for node-bin-setup
78 silly addNameRange { name: 'node-bin-setup',
78 silly addNameRange   range: '>=1.0.0 <2.0.0',
78 silly addNameRange   hasData: false }
79 silly mapToRegistry name node-bin-setup
80 silly mapToRegistry using default registry
81 silly mapToRegistry registry https://registry.npmjs.org/
82 silly mapToRegistry uri https://registry.npmjs.org/node-bin-setup
83 verbose addNameRange registry:https://registry.npmjs.org/node-bin-setup not in flight; fetching
84 verbose get https://registry.npmjs.org/node-bin-setup not expired, no request
85 silly addNameRange number 2 { name: 'node-bin-setup',
85 silly addNameRange   range: '>=1.0.0 <2.0.0',
85 silly addNameRange   hasData: true }
86 silly addNameRange versions [ 'node-bin-setup',
86 silly addNameRange   [ '1.0.0', '1.0.1', '1.0.2', '1.0.3', '1.0.4', '1.0.6' ] ]
87 silly addNamed node-bin-setup@1.0.6
88 verbose addNamed "1.0.6" is a plain semver version for node-bin-setup
89 silly cache afterAdd node-bin-setup@1.0.6
90 verbose afterAdd /home/johnathan/.npm/node-bin-setup/1.0.6/package/package.json not in flight; writing
91 verbose afterAdd /home/johnathan/.npm/node-bin-setup/1.0.6/package/package.json written
92 silly loadAllDepsIntoIdealTree Finishing
93 silly idealTree:prePrune ProjectHaven
93 silly idealTree:prePrune ├── node-bin-setup@1.0.6
93 silly idealTree:prePrune └── node@10.7.0
94 silly loadIdealTree Finishing
95 silly currentTree ProjectHaven
96 silly idealTree ProjectHaven
96 silly idealTree ├── node-bin-setup@1.0.6
96 silly idealTree └── node@10.7.0
97 silly generateActionsToTake Starting
98 silly install generateActionsToTake
99 silly generateActionsToTake Finishing
100 silly diffTrees action count 2
101 silly diffTrees add node-bin-setup@1.0.6
102 silly diffTrees add node@10.7.0
103 silly decomposeActions action count 16
104 silly decomposeActions fetch node-bin-setup@1.0.6
105 silly decomposeActions extract node-bin-setup@1.0.6
106 silly decomposeActions test node-bin-setup@1.0.6
107 silly decomposeActions preinstall node-bin-setup@1.0.6
108 silly decomposeActions build node-bin-setup@1.0.6
109 silly decomposeActions install node-bin-setup@1.0.6
110 silly decomposeActions postinstall node-bin-setup@1.0.6
111 silly decomposeActions finalize node-bin-setup@1.0.6
112 silly decomposeActions fetch node@10.7.0
113 silly decomposeActions extract node@10.7.0
114 silly decomposeActions test node@10.7.0
115 silly decomposeActions preinstall node@10.7.0
116 silly decomposeActions build node@10.7.0
117 silly decomposeActions install node@10.7.0
118 silly decomposeActions postinstall node@10.7.0
119 silly decomposeActions finalize node@10.7.0
120 silly executeActions Starting
121 silly install executeActions
122 silly doSerial global-install 0
123 silly doParallel fetch 2
124 verbose lock using /home/johnathan/.npm/_locks/staging-5150dc92f1b7bdaa.lock for /home/johnathan/Godot Projects/ProjectHaven/node_modules/.staging
125 silly doParallel extract 2
126 silly extract node-bin-setup@1.0.6
127 silly extract node@10.7.0
128 verbose unbuild node_modules/.staging/node-bin-setup-f49704bf
129 verbose unbuild node_modules/.staging/node-cd8fccce
130 silly gentlyRm /home/johnathan/Godot Projects/ProjectHaven/node_modules/.staging/node-bin-setup-f49704bf is being purged from base /home/johnathan/Godot Projects/ProjectHaven
131 verbose gentlyRm don't care about contents; nuking /home/johnathan/Godot Projects/ProjectHaven/node_modules/.staging/node-bin-setup-f49704bf
132 verbose tar unpack /home/johnathan/.npm/node-bin-setup/1.0.6/package.tgz
133 verbose tar unpacking to /home/johnathan/Godot Projects/ProjectHaven/node_modules/.staging/node-bin-setup-f49704bf
134 silly gentlyRm /home/johnathan/Godot Projects/ProjectHaven/node_modules/.staging/node-bin-setup-f49704bf is being purged
135 verbose gentlyRm don't care about contents; nuking /home/johnathan/Godot Projects/ProjectHaven/node_modules/.staging/node-bin-setup-f49704bf
136 silly gentlyRm /home/johnathan/Godot Projects/ProjectHaven/node_modules/.staging/node-cd8fccce is being purged from base /home/johnathan/Godot Projects/ProjectHaven
137 verbose gentlyRm don't care about contents; nuking /home/johnathan/Godot Projects/ProjectHaven/node_modules/.staging/node-cd8fccce
138 silly gunzTarPerm modes [ '775', '664' ]
139 verbose tar unpack /home/johnathan/.npm/node/10.7.0/package.tgz
140 verbose tar unpacking to /home/johnathan/Godot Projects/ProjectHaven/node_modules/.staging/node-cd8fccce
141 silly gentlyRm /home/johnathan/Godot Projects/ProjectHaven/node_modules/.staging/node-cd8fccce is being purged
142 verbose gentlyRm don't care about contents; nuking /home/johnathan/Godot Projects/ProjectHaven/node_modules/.staging/node-cd8fccce
143 silly gunzTarPerm modes [ '775', '664' ]
144 silly gunzTarPerm extractEntry package.json
145 silly gunzTarPerm modified mode [ 'package.json', 420, 436 ]
146 silly gunzTarPerm extractEntry package.json
147 silly gunzTarPerm modified mode [ 'package.json', 420, 436 ]
148 silly gunzTarPerm extractEntry index.js
149 silly gunzTarPerm modified mode [ 'index.js', 420, 436 ]
150 silly gunzTarPerm extractEntry installArchSpecificPackage.js
151 silly gunzTarPerm modified mode [ 'installArchSpecificPackage.js', 420, 436 ]
152 silly gunzTarPerm extractEntry README.md
153 silly gunzTarPerm modified mode [ 'README.md', 420, 436 ]
154 silly gentlyRm /home/johnathan/Godot Projects/ProjectHaven/node_modules/.staging/node-bin-setup-f49704bf/node_modules is being purged
155 verbose gentlyRm don't care about contents; nuking /home/johnathan/Godot Projects/ProjectHaven/node_modules/.staging/node-bin-setup-f49704bf/node_modules
156 silly gentlyRm /home/johnathan/Godot Projects/ProjectHaven/node_modules/.staging/node-cd8fccce/node_modules is being purged
157 verbose gentlyRm don't care about contents; nuking /home/johnathan/Godot Projects/ProjectHaven/node_modules/.staging/node-cd8fccce/node_modules
158 silly doParallel preinstall 2
159 silly preinstall node-bin-setup@1.0.6 /home/johnathan/Godot Projects/ProjectHaven/node_modules/.staging/node-bin-setup-f49704bf
160 info lifecycle node-bin-setup@1.0.6~preinstall: node-bin-setup@1.0.6
161 silly preinstall node@10.7.0 /home/johnathan/Godot Projects/ProjectHaven/node_modules/.staging/node-cd8fccce
162 info lifecycle node@10.7.0~preinstall: node@10.7.0
163 silly lifecycle node-bin-setup@1.0.6~preinstall: no script for preinstall, continuing
164 verbose lifecycle node@10.7.0~preinstall: unsafe-perm in lifecycle true
165 verbose lifecycle node@10.7.0~preinstall: PATH: /usr/share/npm/bin/node-gyp-bin:/home/johnathan/Godot Projects/ProjectHaven/node_modules/.staging/node-cd8fccce/node_modules/.bin:/home/johnathan/Godot Projects/ProjectHaven/node_modules/.bin:/home/johnathan/bin:/home/johnathan/.local/bin:/usr/local/sbin:/usr/local/bin:/usr/sbin:/usr/bin:/sbin:/bin:/usr/games:/usr/local/games:/home/johnathan/.dotnet/tools:/usr/lib/jvm/java-8-oracle/bin:/usr/lib/jvm/java-8-oracle/db/bin:/usr/lib/jvm/java-8-oracle/jre/bin
166 verbose lifecycle node@10.7.0~preinstall: CWD: /home/johnathan/Godot Projects/ProjectHaven/node_modules/.staging/node-cd8fccce
167 silly lifecycle node@10.7.0~preinstall: Args: [ '-c', 'node installArchSpecificPackage' ]
168 info lifecycle node@10.7.0~preinstall: Failed to exec preinstall script
169 verbose unlock done using /home/johnathan/.npm/_locks/staging-5150dc92f1b7bdaa.lock for /home/johnathan/Godot Projects/ProjectHaven/node_modules/.staging
170 silly rollbackFailedOptional Starting
171 silly rollbackFailedOptional Finishing
172 silly runTopLevelLifecycles Starting
173 silly runTopLevelLifecycles Finishing
174 silly install printInstalled
175 warn enoent ENOENT: no such file or directory, open '/home/johnathan/Godot Projects/ProjectHaven/package.json'
176 warn ProjectHaven No description
177 warn ProjectHaven No repository field.
178 warn ProjectHaven No README data
179 warn ProjectHaven No license field.
180 verbose stack Error: node@10.7.0 preinstall: `node installArchSpecificPackage`
180 verbose stack spawn ENOENT
180 verbose stack     at ChildProcess.<anonymous> (/usr/share/npm/lib/utils/spawn.js:17:16)
180 verbose stack     at emitTwo (events.js:87:13)
180 verbose stack     at ChildProcess.emit (events.js:172:7)
180 verbose stack     at maybeClose (internal/child_process.js:821:16)
180 verbose stack     at Process.ChildProcess._handle.onexit (internal/child_process.js:211:5)
181 verbose pkgid node@10.7.0
182 verbose cwd /home/johnathan/Godot Projects/ProjectHaven
183 error Linux 4.13.0-45-generic
184 error argv "/usr/bin/nodejs" "/usr/bin/npm" "install" "node"
185 error node v4.2.6
186 error npm  v3.5.2
187 error file sh
188 error code ELIFECYCLE
189 error errno ENOENT
190 error syscall spawn
191 error node@10.7.0 preinstall: `node installArchSpecificPackage`
191 error spawn ENOENT
192 error Failed at the node@10.7.0 preinstall script 'node installArchSpecificPackage'.
192 error Make sure you have the latest version of node.js and npm installed.
192 error If you do, this is most likely a problem with the node package,
192 error not with npm itself.
192 error Tell the author that this fails on your system:
192 error     node installArchSpecificPackage
192 error You can get information on how to open an issue for this project with:
192 error     npm bugs node
192 error Or if that isn't available, you can get their info via:
192 error     npm owner ls node
192 error There is likely additional logging output above.
193 verbose exit [ 1, true ]
